STATUS | wrapper  | 2025/05/05 14:24:51 | --> Wrapper Started as Console
STATUS | wrapper  | 2025/05/05 14:24:51 | Launching a JVM...
INFO   | jvm 1    | 2025/05/05 14:24:51 | Wrapper (Version 3.2.3) http://wrapper.tanukisoftware.org
INFO   | jvm 1    | 2025/05/05 14:24:51 |   Copyright 1999-2006 Tanuki Software, Inc.  All Rights Reserved.
INFO   | jvm 1    | 2025/05/05 14:24:51 | 
INFO   | jvm 1    | 2025/05/05 14:24:52 | Java Runtime: Oracle Corporation 1.8.0_251 D:\workstation\apps\jdk8\jre
INFO   | jvm 1    | 2025/05/05 14:24:52 |   Heap sizes: current=500736k  free=474520k  max=932352k
INFO   | jvm 1    | 2025/05/05 14:24:52 |     JVM args: -Dactivemq.home=../.. -Dactivemq.base=../.. -Djavax.net.ssl.keyStorePassword=password -Djavax.net.ssl.trustStorePassword=password -Djavax.net.ssl.keyStore=../../conf/broker.ks -Djavax.net.ssl.trustStore=../../conf/broker.ts -Dcom.sun.management.jmxremote -Dorg.apache.activemq.UseDedicatedTaskRunner=true -Djava.util.logging.config.file=logging.properties -Dactivemq.conf=../../conf -Dactivemq.data=../../data -Djava.security.auth.login.config=../../conf/login.config -Xmx1024m -Djava.library.path=../../bin/win64 -Dwrapper.key=TOCW9YrWhyKuTNtF -Dwrapper.port=32000 -Dwrapper.jvm.port.min=31000 -Dwrapper.jvm.port.max=31999 -Dwrapper.pid=35132 -Dwrapper.version=3.2.3 -Dwrapper.native_library=wrapper -Dwrapper.cpu.timeout=10 -Dwrapper.jvmid=1
INFO   | jvm 1    | 2025/05/05 14:24:52 | Extensions classpath:
INFO   | jvm 1    | 2025/05/05 14:24:52 |   [..\..\lib,..\..\lib\camel,..\..\lib\optional,..\..\lib\web,..\..\lib\extra]
INFO   | jvm 1    | 2025/05/05 14:24:52 | ACTIVEMQ_HOME: ..\..
INFO   | jvm 1    | 2025/05/05 14:24:52 | ACTIVEMQ_BASE: ..\..
INFO   | jvm 1    | 2025/05/05 14:24:52 | ACTIVEMQ_CONF: ..\..\conf
INFO   | jvm 1    | 2025/05/05 14:24:52 | ACTIVEMQ_DATA: ..\..\data
INFO   | jvm 1    | 2025/05/05 14:24:52 | Loading message broker from: xbean:activemq.xml
INFO   | jvm 1    | 2025/05/05 14:24:52 |  INFO | Refreshing org.apache.activemq.xbean.XBeanBrokerFactory$1@136b3187: startup date [Mon May 05 14:24:52 SGT 2025]; root of context hierarchy
INFO   | jvm 1    | 2025/05/05 14:24:52 |  INFO | Using Persistence Adapter: KahaDBPersistenceAdapter[D:\workstation\workspace\workspace-java\sabir-spring-boot\sabir-spring-IBMMQ\apache-activemq-5.15.16\bin\win64\..\..\data\kahadb]
INFO   | jvm 1    | 2025/05/05 14:24:52 |  INFO | KahaDB is version 6
INFO   | jvm 1    | 2025/05/05 14:24:53 |  INFO | PListStore:[D:\workstation\workspace\workspace-java\sabir-spring-boot\sabir-spring-IBMMQ\apache-activemq-5.15.16\bin\win64\..\..\data\localhost\tmp_storage] started
INFO   | jvm 1    | 2025/05/05 14:24:53 |  INFO | Apache ActiveMQ 5.15.16 (localhost, ID:SABIR-HOME-57174-1746426292983-0:1) is starting
INFO   | jvm 1    | 2025/05/05 14:24:53 |  INFO | Listening for connections at: tcp://SABIR-HOME:61616?maximumConnections=1000&wireFormat.maxFrameSize=104857600
INFO   | jvm 1    | 2025/05/05 14:24:53 |  INFO | Connector openwire started
INFO   | jvm 1    | 2025/05/05 14:24:53 |  INFO | Listening for connections at: amqp://SABIR-HOME:5672?maximumConnections=1000&wireFormat.maxFrameSize=104857600
INFO   | jvm 1    | 2025/05/05 14:24:53 |  INFO | Connector amqp started
INFO   | jvm 1    | 2025/05/05 14:24:53 |  INFO | Listening for connections at: stomp://SABIR-HOME:61613?maximumConnections=1000&wireFormat.maxFrameSize=104857600
INFO   | jvm 1    | 2025/05/05 14:24:53 |  INFO | Connector stomp started
INFO   | jvm 1    | 2025/05/05 14:24:53 |  INFO | Listening for connections at: mqtt://SABIR-HOME:1883?maximumConnections=1000&wireFormat.maxFrameSize=104857600
INFO   | jvm 1    | 2025/05/05 14:24:53 |  INFO | Connector mqtt started
INFO   | jvm 1    | 2025/05/05 14:24:53 |  INFO | Starting Jetty server
INFO   | jvm 1    | 2025/05/05 14:24:53 |  INFO | Creating Jetty connector
INFO   | jvm 1    | 2025/05/05 14:24:53 |  WARN | ServletContext@o.e.j.s.ServletContextHandler@603d3c66{/,null,STARTING} has uncovered http methods for path: /
INFO   | jvm 1    | 2025/05/05 14:24:53 |  INFO | Listening for connections at ws://SABIR-HOME:61614?maximumConnections=1000&wireFormat.maxFrameSize=104857600
INFO   | jvm 1    | 2025/05/05 14:24:53 |  INFO | Connector ws started
INFO   | jvm 1    | 2025/05/05 14:24:53 |  INFO | Apache ActiveMQ 5.15.16 (localhost, ID:SABIR-HOME-57174-1746426292983-0:1) started
INFO   | jvm 1    | 2025/05/05 14:24:53 |  INFO | For help or more information please see: http://activemq.apache.org
INFO   | jvm 1    | 2025/05/05 14:24:54 |  INFO | ActiveMQ WebConsole available at http://0.0.0.0:8161/
INFO   | jvm 1    | 2025/05/05 14:24:54 |  INFO | ActiveMQ Jolokia REST API available at http://0.0.0.0:8161/api/jolokia/
STATUS | wrapper  | 2025/05/05 14:29:21 | CTRL-C trapped.  Shutting down.
INFO   | jvm 1    | 2025/05/05 14:29:22 |  INFO | Apache ActiveMQ 5.15.16 (localhost, ID:SABIR-HOME-57174-1746426292983-0:1) is shutting down
INFO   | jvm 1    | 2025/05/05 14:29:22 |  INFO | Connector openwire stopped
INFO   | jvm 1    | 2025/05/05 14:29:22 |  INFO | Connector amqp stopped
INFO   | jvm 1    | 2025/05/05 14:29:22 |  INFO | Connector stomp stopped
INFO   | jvm 1    | 2025/05/05 14:29:22 |  INFO | Connector mqtt stopped
INFO   | jvm 1    | 2025/05/05 14:29:22 |  INFO | Connector ws stopped
INFO   | jvm 1    | 2025/05/05 14:29:22 |  INFO | PListStore:[D:\workstation\workspace\workspace-java\sabir-spring-boot\sabir-spring-IBMMQ\apache-activemq-5.15.16\bin\win64\..\..\data\localhost\tmp_storage] stopped
INFO   | jvm 1    | 2025/05/05 14:29:22 |  INFO | Stopping async queue tasks
INFO   | jvm 1    | 2025/05/05 14:29:22 |  INFO | Stopping async topic tasks
INFO   | jvm 1    | 2025/05/05 14:29:22 |  INFO | Stopped KahaDB
INFO   | jvm 1    | 2025/05/05 14:29:22 |  INFO | Apache ActiveMQ 5.15.16 (localhost, ID:SABIR-HOME-57174-1746426292983-0:1) uptime 4 minutes
INFO   | jvm 1    | 2025/05/05 14:29:22 |  INFO | Apache ActiveMQ 5.15.16 (localhost, ID:SABIR-HOME-57174-1746426292983-0:1) is shutdown
INFO   | jvm 1    | 2025/05/05 14:29:22 |  INFO | Closing org.apache.activemq.xbean.XBeanBrokerFactory$1@136b3187: startup date [Mon May 05 14:24:52 SGT 2025]; root of context hierarchy
STATUS | wrapper  | 2025/05/05 14:29:23 | <-- Wrapper Stopped
STATUS | wrapper  | 2025/05/05 14:31:42 | --> Wrapper Started as Console
STATUS | wrapper  | 2025/05/05 14:31:42 | Launching a JVM...
INFO   | jvm 1    | 2025/05/05 14:31:43 | Wrapper (Version 3.2.3) http://wrapper.tanukisoftware.org
INFO   | jvm 1    | 2025/05/05 14:31:43 |   Copyright 1999-2006 Tanuki Software, Inc.  All Rights Reserved.
INFO   | jvm 1    | 2025/05/05 14:31:43 | 
INFO   | jvm 1    | 2025/05/05 14:31:43 | Java Runtime: Oracle Corporation 1.8.0_251 D:\workstation\apps\jdk8\jre
INFO   | jvm 1    | 2025/05/05 14:31:43 |   Heap sizes: current=500736k  free=474520k  max=932352k
INFO   | jvm 1    | 2025/05/05 14:31:43 |     JVM args: -Dactivemq.home=../.. -Dactivemq.base=../.. -Djavax.net.ssl.keyStorePassword=password -Djavax.net.ssl.trustStorePassword=password -Djavax.net.ssl.keyStore=../../conf/broker.ks -Djavax.net.ssl.trustStore=../../conf/broker.ts -Dcom.sun.management.jmxremote -Dorg.apache.activemq.UseDedicatedTaskRunner=true -Djava.util.logging.config.file=logging.properties -Dactivemq.conf=../../conf -Dactivemq.data=../../data -Djava.security.auth.login.config=../../conf/login.config -Xmx1024m -Djava.library.path=../../bin/win64 -Dwrapper.key=gUz_k8MVrg08et6M -Dwrapper.port=32000 -Dwrapper.jvm.port.min=31000 -Dwrapper.jvm.port.max=31999 -Dwrapper.pid=32032 -Dwrapper.version=3.2.3 -Dwrapper.native_library=wrapper -Dwrapper.cpu.timeout=10 -Dwrapper.jvmid=1
INFO   | jvm 1    | 2025/05/05 14:31:43 | Extensions classpath:
INFO   | jvm 1    | 2025/05/05 14:31:43 |   [..\..\lib,..\..\lib\camel,..\..\lib\optional,..\..\lib\web,..\..\lib\extra]
INFO   | jvm 1    | 2025/05/05 14:31:43 | ACTIVEMQ_HOME: ..\..
INFO   | jvm 1    | 2025/05/05 14:31:43 | ACTIVEMQ_BASE: ..\..
INFO   | jvm 1    | 2025/05/05 14:31:43 | ACTIVEMQ_CONF: ..\..\conf
INFO   | jvm 1    | 2025/05/05 14:31:43 | ACTIVEMQ_DATA: ..\..\data
INFO   | jvm 1    | 2025/05/05 14:31:43 | Loading message broker from: xbean:activemq.xml
INFO   | jvm 1    | 2025/05/05 14:31:43 |  INFO | Refreshing org.apache.activemq.xbean.XBeanBrokerFactory$1@7f6b3ed4: startup date [Mon May 05 14:31:43 SGT 2025]; root of context hierarchy
INFO   | jvm 1    | 2025/05/05 14:31:44 |  INFO | Using Persistence Adapter: KahaDBPersistenceAdapter[D:\workstation\workspace\workspace-java\sabir-spring-boot\sabir-spring-IBMMQ\apache-activemq-5.15.16\bin\win64\..\..\data\kahadb]
INFO   | jvm 1    | 2025/05/05 14:31:44 |  INFO | KahaDB is version 6
INFO   | jvm 1    | 2025/05/05 14:31:44 |  INFO | PListStore:[D:\workstation\workspace\workspace-java\sabir-spring-boot\sabir-spring-IBMMQ\apache-activemq-5.15.16\bin\win64\..\..\data\localhost\tmp_storage] started
INFO   | jvm 1    | 2025/05/05 14:31:44 |  INFO | Apache ActiveMQ 5.15.16 (localhost, ID:SABIR-HOME-57353-1746426704497-0:1) is starting
INFO   | jvm 1    | 2025/05/05 14:31:44 |  INFO | Listening for connections at: tcp://SABIR-HOME:61616?maximumConnections=1000&wireFormat.maxFrameSize=104857600
INFO   | jvm 1    | 2025/05/05 14:31:44 |  INFO | Connector openwire started
INFO   | jvm 1    | 2025/05/05 14:31:44 |  INFO | Listening for connections at: amqp://SABIR-HOME:5672?maximumConnections=1000&wireFormat.maxFrameSize=104857600
INFO   | jvm 1    | 2025/05/05 14:31:44 |  INFO | Connector amqp started
INFO   | jvm 1    | 2025/05/05 14:31:44 |  INFO | Listening for connections at: stomp://SABIR-HOME:61613?maximumConnections=1000&wireFormat.maxFrameSize=104857600
INFO   | jvm 1    | 2025/05/05 14:31:44 |  INFO | Connector stomp started
INFO   | jvm 1    | 2025/05/05 14:31:44 |  INFO | Listening for connections at: mqtt://SABIR-HOME:1883?maximumConnections=1000&wireFormat.maxFrameSize=104857600
INFO   | jvm 1    | 2025/05/05 14:31:44 |  INFO | Connector mqtt started
INFO   | jvm 1    | 2025/05/05 14:31:44 |  INFO | Starting Jetty server
INFO   | jvm 1    | 2025/05/05 14:31:44 |  INFO | Creating Jetty connector
INFO   | jvm 1    | 2025/05/05 14:31:44 |  WARN | ServletContext@o.e.j.s.ServletContextHandler@9f4475{/,null,STARTING} has uncovered http methods for path: /
INFO   | jvm 1    | 2025/05/05 14:31:44 |  INFO | Listening for connections at ws://SABIR-HOME:61614?maximumConnections=1000&wireFormat.maxFrameSize=104857600
INFO   | jvm 1    | 2025/05/05 14:31:44 |  INFO | Connector ws started
INFO   | jvm 1    | 2025/05/05 14:31:44 |  INFO | Apache ActiveMQ 5.15.16 (localhost, ID:SABIR-HOME-57353-1746426704497-0:1) started
INFO   | jvm 1    | 2025/05/05 14:31:44 |  INFO | For help or more information please see: http://activemq.apache.org
INFO   | jvm 1    | 2025/05/05 14:31:45 |  INFO | ActiveMQ WebConsole available at http://0.0.0.0:8161/
INFO   | jvm 1    | 2025/05/05 14:31:45 |  INFO | ActiveMQ Jolokia REST API available at http://0.0.0.0:8161/api/jolokia/
STATUS | wrapper  | 2025/05/05 17:46:06 | CTRL-C trapped.  Shutting down.
INFO   | jvm 1    | 2025/05/05 17:46:08 |  INFO | Apache ActiveMQ 5.15.16 (localhost, ID:SABIR-HOME-57353-1746426704497-0:1) is shutting down
INFO   | jvm 1    | 2025/05/05 17:46:08 |  INFO | Connector openwire stopped
INFO   | jvm 1    | 2025/05/05 17:46:08 |  INFO | Connector amqp stopped
INFO   | jvm 1    | 2025/05/05 17:46:08 |  INFO | Connector stomp stopped
INFO   | jvm 1    | 2025/05/05 17:46:08 |  INFO | Connector mqtt stopped
INFO   | jvm 1    | 2025/05/05 17:46:08 |  INFO | Connector ws stopped
INFO   | jvm 1    | 2025/05/05 17:46:08 |  INFO | PListStore:[D:\workstation\workspace\workspace-java\sabir-spring-boot\sabir-spring-IBMMQ\apache-activemq-5.15.16\bin\win64\..\..\data\localhost\tmp_storage] stopped
INFO   | jvm 1    | 2025/05/05 17:46:08 |  INFO | Stopping async queue tasks
INFO   | jvm 1    | 2025/05/05 17:46:08 |  INFO | Stopping async topic tasks
INFO   | jvm 1    | 2025/05/05 17:46:08 |  INFO | Stopped KahaDB
INFO   | jvm 1    | 2025/05/05 17:46:08 |  INFO | Apache ActiveMQ 5.15.16 (localhost, ID:SABIR-HOME-57353-1746426704497-0:1) uptime 3 hours 14 minutes
INFO   | jvm 1    | 2025/05/05 17:46:08 |  INFO | Apache ActiveMQ 5.15.16 (localhost, ID:SABIR-HOME-57353-1746426704497-0:1) is shutdown
INFO   | jvm 1    | 2025/05/05 17:46:08 |  INFO | Closing org.apache.activemq.xbean.XBeanBrokerFactory$1@7f6b3ed4: startup date [Mon May 05 14:31:43 SGT 2025]; root of context hierarchy
STATUS | wrapper  | 2025/05/05 17:46:09 | <-- Wrapper Stopped
